Unity Editor version:    2020.3.28f1 (f5400f52e03f)
Branch:                  2020.3/staging
Build type:              Release
Batch mode:              YES
macOS version:           Version 11.6 (Build 20G165)
Darwin version:          20.6.0
Architecture:            x86_64
Running under Rosetta:   NO
Available memory:        16384 MB
Using pre-set license
Pro License: NO

COMMAND LINE ARGUMENTS:
/Applications/Unity/Hub/Editor/2020.3.28f1/Unity.app/Contents/MacOS/Unity
-adb2
-batchMode
-noUpm
-name
AssetImportWorker0
-projectPath
/Users/Alumne_1/Documents/GitHub/TareaAA3_SunnyLand/SunnyLandProject
-logFile
Logs/AssetImportWorker0.log
-srvPort
60040
Successfully changed project path to: /Users/Alumne_1/Documents/GitHub/TareaAA3_SunnyLand/SunnyLandProject
/Users/Alumne_1/Documents/GitHub/TareaAA3_SunnyLand/SunnyLandProject
Using Asset Import Pipeline V2.
Refreshing native plugins compatible for Editor in 50.99 ms, found 2 plugins.
Preloading 0 native plugins for Editor in 0.00 ms.
Initialize engine version: 2020.3.28f1 (f5400f52e03f)
[Subsystems] Discovering subsystems at path /Applications/Unity/Hub/Editor/2020.3.28f1/Unity.app/Contents/Resources/UnitySubsystems
[Subsystems] Discovering subsystems at path /Users/Alumne_1/Documents/GitHub/TareaAA3_SunnyLand/SunnyLandProject/Assets
GfxDevice: creating device client; threaded=0
2022-05-02 11:37:13.027 Unity[73915:4810367] iMac preferred device: AMD Radeon Pro 555X (high power)
2022-05-02 11:37:13.027 Unity[73915:4810367] Metal devices available: 1
2022-05-02 11:37:13.027 Unity[73915:4810367] 0: AMD Radeon Pro 555X (high power)
2022-05-02 11:37:13.027 Unity[73915:4810367] Using device AMD Radeon Pro 555X (high power)
Initializing Metal device caps: AMD Radeon Pro 555X
Initialize mono
Mono path[0] = '/Applications/Unity/Hub/Editor/2020.3.28f1/Unity.app/Contents/Managed'
Mono path[1] = '/Applications/Unity/Hub/Editor/2020.3.28f1/Unity.app/Contents/MonoBleedingEdge/lib/mono/unityjit'
Mono config path = '/Applications/Unity/Hub/Editor/2020.3.28f1/Unity.app/Contents/MonoBleedingEdge/etc'
Using monoOptions --debugger-agent=transport=dt_socket,embedding=1,server=y,suspend=n,address=127.0.0.1:56915
Begin MonoManager ReloadAssembly
Registering precompiled unity dll's ...
Register platform support module: /Applications/Unity/Hub/Editor/2020.3.28f1/Unity.app/Contents/PlaybackEngines/MacStandaloneSupport/UnityEditor.OSXStandalone.Extensions.dll
Registered in 0.002642 seconds.
Native extension for OSXStandalone target not found
Refreshing native plugins compatible for Editor in 36.59 ms, found 2 plugins.
Preloading 0 native plugins for Editor in 0.00 ms.
Mono: successfully reloaded assembly
- Completed reload, in  0.638 seconds
Domain Reload Profiling:
	ReloadAssembly (638ms)
		BeginReloadAssembly (79ms)
			ExecutionOrderSort (0ms)
			DisableScriptedObjects (0ms)
			BackupInstance (0ms)
			ReleaseScriptingObjects (0ms)
			CreateAndSetChildDomain (1ms)
		EndReloadAssembly (486ms)
			LoadAssemblies (80ms)
			RebuildTransferFunctionScriptingTraits (0ms)
			SetupTypeCache (173ms)
			ReleaseScriptCaches (0ms)
			RebuildScriptCaches (39ms)
			SetupLoadedEditorAssemblies (189ms)
				LogAssemblyErrors (0ms)
				InitializePlatformSupportModulesInManaged (4ms)
				SetLoadedEditorAssemblies (0ms)
				RefreshPlugins (37ms)
				BeforeProcessingInitializeOnLoad (7ms)
				ProcessInitializeOnLoadAttributes (105ms)
				ProcessInitializeOnLoadMethodAttributes (35ms)
				AfterProcessingInitializeOnLoad (0ms)
				EditorAssembliesLoaded (0ms)
			ExecutionOrderSort2 (0ms)
			AwakeInstancesAfterBackupRestoration (0ms)
Platform modules already initialized, skipping
Registering precompiled user dll's ...
Registered in 0.009284 seconds.
Begin MonoManager ReloadAssembly
Native extension for OSXStandalone target not found
Refreshing native plugins compatible for Editor in 0.54 ms, found 2 plugins.
Preloading 0 native plugins for Editor in 0.00 ms.
Mono: successfully reloaded assembly
- Completed reload, in  1.102 seconds
Domain Reload Profiling:
	ReloadAssembly (1103ms)
		BeginReloadAssembly (152ms)
			ExecutionOrderSort (0ms)
			DisableScriptedObjects (5ms)
			BackupInstance (0ms)
			ReleaseScriptingObjects (0ms)
			CreateAndSetChildDomain (29ms)
		EndReloadAssembly (891ms)
			LoadAssemblies (104ms)
			RebuildTransferFunctionScriptingTraits (0ms)
			SetupTypeCache (326ms)
			ReleaseScriptCaches (0ms)
			RebuildScriptCaches (55ms)
			SetupLoadedEditorAssemblies (302ms)
				LogAssemblyErrors (0ms)
				InitializePlatformSupportModulesInManaged (4ms)
				SetLoadedEditorAssemblies (0ms)
				RefreshPlugins (1ms)
				BeforeProcessingInitializeOnLoad (54ms)
				ProcessInitializeOnLoadAttributes (218ms)
				ProcessInitializeOnLoadMethodAttributes (23ms)
				AfterProcessingInitializeOnLoad (1ms)
				EditorAssembliesLoaded (0ms)
			ExecutionOrderSort2 (0ms)
			AwakeInstancesAfterBackupRestoration (6ms)
Platform modules already initialized, skipping
Validating Project structure ... 0.002420 seconds.
Shader import version has changed; will reimport all shaders...
Upgrading shader files ...0.002907 seconds.
Application.AssetDatabase Initial Script Refresh Start
RefreshInfo: InitialScriptRefreshV2(NoUpdateAssetOptions) scanfilter:  ... 1 filters
RefreshProfiler: Total: 0.000ms
Application.AssetDatabase Initial Script Refresh End
Application.AssetDatabase.Refresh Start
Application.AssetDatabase.Refresh End
RefreshInfo: StopAssetImportingV2(ForceSynchronousImport) scanfilter: 
RefreshProfiler: Total: 0.000ms
Launching external process: /Applications/Unity/Hub/Editor/2020.3.28f1/Unity.app/Contents/Tools/UnityShaderCompiler
Launched and connected shader compiler UnityShaderCompiler after 0.01 seconds
Initializing Unity extensions:
[C# Project] Writing /Users/Alumne_1/Documents/GitHub/TareaAA3_SunnyLand/SunnyLandProject/SunnyLandProject.sln because it has changed
[C# Project] First difference on line 4

[C# Project] Current /Users/Alumne_1/Documents/GitHub/TareaAA3_SunnyLand/SunnyLandProject/SunnyLandProject.sln:
[C# Project]   004: Project("{FAE04EC0-301F-11D3-BF4B-00C04F79EFBC}") = "Assembly-CSharp", "Assembly-CSharp.csproj", "{D62F1089-590B-7EB5-1DFC-CB957E7F55C7}"
[C# Project]   005: EndProject
[C# Project]   006: Global
[C# Project]   007: 	GlobalSection(SolutionConfigurationPlatforms) = preSolution
[C# Project]   008: 		Debug|Any CPU = Debug|Any CPU

[C# Project] New /Users/Alumne_1/Documents/GitHub/TareaAA3_SunnyLand/SunnyLandProject/SunnyLandProject.sln:
[C# Project]   004: Project("{FAE04EC0-301F-11D3-BF4B-00C04F79EFBC}") = "UnityEngine.UI", "UnityEngine.UI.csproj", "{AB247848-2F2B-99D7-48A7-2212F3D7AACC}"
[C# Project]   005: EndProject
[C# Project]   006: Project("{FAE04EC0-301F-11D3-BF4B-00C04F79EFBC}") = "UnityEngine.TestRunner", "UnityEngine.TestRunner.csproj", "{3297C6F4-CD16-D22F-1EF9-D28EFA0C5385}"
[C# Project]   007: EndProject
[C# Project]   008: Project("{FAE04EC0-301F-11D3-BF4B-00C04F79EFBC}") = "UnityEngine.XR.LegacyInputHelpers", "UnityEngine.XR.LegacyInputHelpers.csproj", "{AEA6A03F-0BB8-C995-C25C-18DE307ADB92}"
[C# Project] Writing /Users/Alumne_1/Documents/GitHub/TareaAA3_SunnyLand/SunnyLandProject/Assembly-CSharp.csproj because it has changed
[C# Project] First difference on line 633

[C# Project] Current /Users/Alumne_1/Documents/GitHub/TareaAA3_SunnyLand/SunnyLandProject/Assembly-CSharp.csproj:
[C# Project]   633:  <Reference Include="Unity.VSCode.Editor">
[C# Project]   634:  <HintPath>/Users/Alumne_1/Documents/GitHub/TareaAA3_SunnyLand/SunnyLandProject/Library/ScriptAssemblies/Unity.VSCode.Editor.dll</HintPath>
[C# Project]   635:  </Reference>
[C# Project]   636:  <Reference Include="Unity.2D.Tilemap.Editor">
[C# Project]   637:  <HintPath>/Users/Alumne_1/Documents/GitHub/TareaAA3_SunnyLand/SunnyLandProject/Library/ScriptAssemblies/Unity.2D.Tilemap.Editor.dll</HintPath>

[C# Project] New /Users/Alumne_1/Documents/GitHub/TareaAA3_SunnyLand/SunnyLandProject/Assembly-CSharp.csproj:
[C# Project]   633:   </ItemGroup>
[C# Project]   634:   <ItemGroup>
[C# Project]   635:     <ProjectReference Include="Unity.VSCode.Editor.csproj">
[C# Project]   636:       <Project>{0F7004D0-F5E0-CD58-3193-7CBB5EA155B8}</Project>
[C# Project]   637:       <Name>Unity.VSCode.Editor</Name>
========================================================================
Worker process is ready to serve import requests
Refreshing native plugins compatible for Editor in 0.38 ms, found 2 plugins.
Preloading 0 native plugins for Editor in 0.00 ms.
Unloading 1946 Unused Serialized files (Serialized files now loaded: 0)
System memory in use before: 196.3 MB.
System memory in use after: 195.5 MB.

Unloading 145 unused Assets to reduce memory usage. Loaded Objects now: 2391.
Total: 3.019284 ms (FindLiveObjects: 0.124863 ms CreateObjectMapping: 0.060270 ms MarkObjects: 2.424686 ms  DeleteObjects: 0.408860 ms)

AssetImportParameters requested are different than current active one (requested -> active):
  custom:video-decoder-ogg-theora: a1e56fd34408186e4bbccfd4996cb3dc -> 
  custom:container-muxer-webm: aa71ff27fc2769a1b78a27578f13a17b -> 
  custom:container-demuxer-webm: 4f35f7cbe854078d1ac9338744f61a02 -> 
  custom:container-demuxer-ogg: 62fdf1f143b41e24485cea50d1cbac27 -> 
  custom:video-encoder-webm-vp8: eb34c28f22e8b96e1ab97ce403110664 -> 
  custom:framework-osx-AVFoundation: e770b220cccbd017edd2c1fefb359320 -> 
  custom:video-decoder-webm-vp8: 9c59270c3fd7afecdb556c50c9e8de78 -> 
  custom:audio-decoder-ogg-vorbis: bf7c407c2cedff20999df2af8eb42d56 -> 
  custom:audio-encoder-webm-vorbis: bf7c407c2cedff20999df2af8eb42d56 -> 
========================================================================
Received Import Request.
  path: Assets/Scripts/CharacterController2D.cs
  artifactKey: Guid(d08f91df3bd212f429df17f53ce2f364) Importer(815301076,1909f56bfc062723c751e8b465ee728b)
Start importing Assets/Scripts/CharacterController2D.cs using Guid(d08f91df3bd212f429df17f53ce2f364) Importer(815301076,1909f56bfc062723c751e8b465ee728b)  -> (artifact id: '0b499143cd6730e0d494ccd30cba5ef3') in 0.293523 seconds 
  Import took 0.300278 seconds .

========================================================================
Received Import Request.
  Time since last request: 9.054979 seconds.
  path: Assets/Scripts/TriggerCollection.cs
  artifactKey: Guid(4cba0b65b2f8bfb7baf30df37b9508ae) Importer(815301076,1909f56bfc062723c751e8b465ee728b)
Start importing Assets/Scripts/TriggerCollection.cs using Guid(4cba0b65b2f8bfb7baf30df37b9508ae) Importer(815301076,1909f56bfc062723c751e8b465ee728b)  -> (artifact id: 'b6b74abc40085e577bdbcf880bd861df') in 0.001371 seconds 
  Import took 0.004358 seconds .

========================================================================
Received Import Request.
  Time since last request: 913.453144 seconds.
  path: Assets/Scripts/PlayerAudioController.cs
  artifactKey: Guid(ff38c26450a52ed05a8b19784be5ec09) Importer(815301076,1909f56bfc062723c751e8b465ee728b)
Start importing Assets/Scripts/PlayerAudioController.cs using Guid(ff38c26450a52ed05a8b19784be5ec09) Importer(815301076,1909f56bfc062723c751e8b465ee728b)  -> (artifact id: '95a2e1ce4fd3154911969076f183b708') in 0.002017 seconds 
  Import took 0.005124 seconds .

========================================================================
Received Prepare
Registering precompiled user dll's ...
Registered in 0.003881 seconds.
Begin MonoManager ReloadAssembly
Native extension for OSXStandalone target not found
Refreshing native plugins compatible for Editor in 0.53 ms, found 2 plugins.
Preloading 0 native plugins for Editor in 0.00 ms.
Mono: successfully reloaded assembly
- Completed reload, in  1.042 seconds
Domain Reload Profiling:
	ReloadAssembly (1043ms)
		BeginReloadAssembly (125ms)
			ExecutionOrderSort (0ms)
			DisableScriptedObjects (6ms)
			BackupInstance (0ms)
			ReleaseScriptingObjects (0ms)
			CreateAndSetChildDomain (61ms)
		EndReloadAssembly (859ms)
			LoadAssemblies (74ms)
			RebuildTransferFunctionScriptingTraits (0ms)
			SetupTypeCache (322ms)
			ReleaseScriptCaches (1ms)
			RebuildScriptCaches (47ms)
			SetupLoadedEditorAssemblies (303ms)
				LogAssemblyErrors (0ms)
				InitializePlatformSupportModulesInManaged (4ms)
				SetLoadedEditorAssemblies (1ms)
				RefreshPlugins (1ms)
				BeforeProcessingInitializeOnLoad (91ms)
				ProcessInitializeOnLoadAttributes (193ms)
				ProcessInitializeOnLoadMethodAttributes (13ms)
				AfterProcessingInitializeOnLoad (1ms)
				EditorAssembliesLoaded (0ms)
			ExecutionOrderSort2 (0ms)
			AwakeInstancesAfterBackupRestoration (7ms)
Platform modules already initialized, skipping
Refreshing native plugins compatible for Editor in 0.52 ms, found 2 plugins.
Preloading 0 native plugins for Editor in 0.00 ms.
Unloading 1939 Unused Serialized files (Serialized files now loaded: 0)
System memory in use before: 197.3 MB.
System memory in use after: 197.4 MB.

Unloading 46 unused Assets to reduce memory usage. Loaded Objects now: 2394.
Total: 2.457079 ms (FindLiveObjects: 0.130829 ms CreateObjectMapping: 0.058344 ms MarkObjects: 2.247717 ms  DeleteObjects: 0.019505 ms)

AssetImportParameters requested are different than current active one (requested -> active):
  custom:video-decoder-ogg-theora: a1e56fd34408186e4bbccfd4996cb3dc -> 
  custom:container-muxer-webm: aa71ff27fc2769a1b78a27578f13a17b -> 
  custom:container-demuxer-webm: 4f35f7cbe854078d1ac9338744f61a02 -> 
  custom:container-demuxer-ogg: 62fdf1f143b41e24485cea50d1cbac27 -> 
  custom:video-encoder-webm-vp8: eb34c28f22e8b96e1ab97ce403110664 -> 
  custom:framework-osx-AVFoundation: e770b220cccbd017edd2c1fefb359320 -> 
  custom:video-decoder-webm-vp8: 9c59270c3fd7afecdb556c50c9e8de78 -> 
  custom:audio-decoder-ogg-vorbis: bf7c407c2cedff20999df2af8eb42d56 -> 
  custom:audio-encoder-webm-vorbis: bf7c407c2cedff20999df2af8eb42d56 -> 
========================================================================
Received Import Request.
  Time since last request: 73.681303 seconds.
  path: Assets/Scripts/PlayerAudioController.cs
  artifactKey: Guid(ff38c26450a52ed05a8b19784be5ec09) Importer(815301076,1909f56bfc062723c751e8b465ee728b)
Start importing Assets/Scripts/PlayerAudioController.cs using Guid(ff38c26450a52ed05a8b19784be5ec09) Importer(815301076,1909f56bfc062723c751e8b465ee728b)  -> (artifact id: '48fdc6ff9ae0b6b478b81f3cc6ef3f40') in 0.009003 seconds 
  Import took 0.011904 seconds .

AssetImportWorkerClient::OnTransportError - code=2 error=End of file
